<?xml version="1.0" encoding="UTF-8"?>
<testsuite name="com.ssafy.dog.domain.board.repository.BoardRepositoryTest" tests="1" skipped="0" failures="0" errors="0" timestamp="2023-10-17T02:11:48" hostname="DESKTOP-1JVI7QI" time="0.523">
  <properties/>
  <testcase name="baseTimeEntity()" classname="com.ssafy.dog.domain.board.repository.BoardRepositoryTest" time="0.523"/>
  <system-out><![CDATA[11:11:41.033 [Test worker] DEBUG org.springframework.test.context.BootstrapUtils - Instantiating CacheAwareContextLoaderDelegate from class [org.springframework.test.context.cache.DefaultCacheAwareContextLoaderDelegate]
11:11:41.069 [Test worker] DEBUG org.springframework.test.context.BootstrapUtils - Instantiating BootstrapContext using constructor [public org.springframework.test.context.support.DefaultBootstrapContext(java.lang.Class,org.springframework.test.context.CacheAwareContextLoaderDelegate)]
11:11:41.194 [Test worker] DEBUG org.springframework.test.context.BootstrapUtils - Instantiating TestContextBootstrapper for test class [com.ssafy.dog.domain.board.repository.BoardRepositoryTest] from class [org.springframework.boot.test.context.SpringBootTestContextBootstrapper]
11:11:41.225 [Test worker] INFO org.springframework.boot.test.context.SpringBootTestContextBootstrapper - Neither @ContextConfiguration nor @ContextHierarchy found for test class [com.ssafy.dog.domain.board.repository.BoardRepositoryTest], using SpringBootContextLoader
11:11:41.238 [Test worker] DEBUG org.springframework.test.context.support.AbstractContextLoader - Did not detect default resource location for test class [com.ssafy.dog.domain.board.repository.BoardRepositoryTest]: class path resource [com/ssafy/dog/domain/board/repository/BoardRepositoryTest-context.xml] does not exist
11:11:41.239 [Test worker] DEBUG org.springframework.test.context.support.AbstractContextLoader - Did not detect default resource location for test class [com.ssafy.dog.domain.board.repository.BoardRepositoryTest]: class path resource [com/ssafy/dog/domain/board/repository/BoardRepositoryTestContext.groovy] does not exist
11:11:41.240 [Test worker] INFO org.springframework.test.context.support.AbstractContextLoader - Could not detect default resource locations for test class [com.ssafy.dog.domain.board.repository.BoardRepositoryTest]: no resource found for suffixes {-context.xml, Context.groovy}.
11:11:41.243 [Test worker] INFO org.springframework.test.context.support.AnnotationConfigContextLoaderUtils - Could not detect default configuration classes for test class [com.ssafy.dog.domain.board.repository.BoardRepositoryTest]: BoardRepositoryTest does not declare any static, non-private, non-final, nested classes annotated with @Configuration.
11:11:41.388 [Test worker] DEBUG org.springframework.test.context.support.ActiveProfilesUtils - Could not find an 'annotation declaring class' for annotation type [org.springframework.test.context.ActiveProfiles] and class [com.ssafy.dog.domain.board.repository.BoardRepositoryTest]
11:11:41.581 [Test worker] DEBUG org.springframework.context.annotation.ClassPathScanningCandidateComponentProvider - Identified candidate component class: file [C:\Users\SSAFY\Desktop\ssafy\dog\BE\build\classes\java\main\com\ssafy\dog\DogApplication.class]
11:11:41.583 [Test worker] INFO org.springframework.boot.test.context.SpringBootTestContextBootstrapper - Found @SpringBootConfiguration com.ssafy.dog.DogApplication for test class com.ssafy.dog.domain.board.repository.BoardRepositoryTest
11:11:41.874 [Test worker] DEBUG org.springframework.boot.test.context.SpringBootTestContextBootstrapper - @TestExecutionListeners is not present for class [com.ssafy.dog.domain.board.repository.BoardRepositoryTest]: using defaults.
11:11:41.875 [Test worker] INFO org.springframework.boot.test.context.SpringBootTestContextBootstrapper - Loaded default TestExecutionListener class names from location [META-INF/spring.factories]: [org.springframework.security.test.context.support.WithSecurityContextTestExecutionListener, org.springframework.security.test.context.support.ReactorContextTestExecutionListener, org.springframework.boot.test.autoconfigure.restdocs.RestDocsTestExecutionListener, org.springframework.boot.test.autoconfigure.web.client.MockRestServiceServerResetTestExecutionListener, org.springframework.boot.test.autoconfigure.web.servlet.MockMvcPrintOnlyOnFailureTestExecutionListener, org.springframework.boot.test.autoconfigure.web.servlet.WebDriverTestExecutionListener, org.springframework.boot.test.autoconfigure.webservices.client.MockWebServiceServerTestExecutionListener, org.springframework.boot.test.mock.mockito.MockitoTestExecutionListener, org.springframework.boot.test.mock.mockito.ResetMocksTestExecutionListener, org.springframework.test.context.web.ServletTestExecutionListener, org.springframework.test.context.support.DirtiesContextBeforeModesTestExecutionListener, org.springframework.test.context.event.ApplicationEventsTestExecutionListener, org.springframework.test.context.support.DependencyInjectionTestExecutionListener, org.springframework.test.context.support.DirtiesContextTestExecutionListener, org.springframework.test.context.transaction.TransactionalTestExecutionListener, org.springframework.test.context.jdbc.SqlScriptsTestExecutionListener, org.springframework.test.context.event.EventPublishingTestExecutionListener]
11:11:41.937 [Test worker] INFO org.springframework.boot.test.context.SpringBootTestContextBootstrapper - Using TestExecutionListeners: [org.springframework.test.context.web.ServletTestExecutionListener@59c04bee, org.springframework.test.context.support.DirtiesContextBeforeModesTestExecutionListener@45900b64, org.springframework.test.context.event.ApplicationEventsTestExecutionListener@f2a1813, org.springframework.boot.test.mock.mockito.MockitoTestExecutionListener@79f90a3a, org.springframework.boot.test.autoconfigure.SpringBootDependencyInjectionTestExecutionListener@22bdb1d0, org.springframework.test.context.support.DirtiesContextTestExecutionListener@67b355c8, org.springframework.test.context.transaction.TransactionalTestExecutionListener@388623ad, org.springframework.test.context.jdbc.SqlScriptsTestExecutionListener@91f565d, org.springframework.security.test.context.support.WithSecurityContextTestExecutionListener@46e3559f, org.springframework.test.context.event.EventPublishingTestExecutionListener@3b83459e, org.springframework.security.test.context.support.ReactorContextTestExecutionListener@32118208, org.springframework.boot.test.autoconfigure.restdocs.RestDocsTestExecutionListener@414f87a9, org.springframework.boot.test.autoconfigure.web.client.MockRestServiceServerResetTestExecutionListener@1ddc6db2, org.springframework.boot.test.autoconfigure.web.servlet.MockMvcPrintOnlyOnFailureTestExecutionListener@3cd26422, org.springframework.boot.test.autoconfigure.web.servlet.WebDriverTestExecutionListener@2eda072, org.springframework.boot.test.autoconfigure.webservices.client.MockWebServiceServerTestExecutionListener@3fa21d49, org.springframework.boot.test.mock.mockito.ResetMocksTestExecutionListener@416d56f2]
11:11:41.950 [Test worker] DEBUG org.springframework.test.context.support.AbstractDirtiesContextTestExecutionListener - Before test class: context [DefaultTestContext@7e91ed74 testClass = BoardRepositoryTest, testInstance = [null], testMethod = [null], testException = [null], mergedContextConfiguration = [WebMergedContextConfiguration@3878be7b testClass = BoardRepositoryTest, locations = '{}', classes = '{class com.ssafy.dog.DogApplication}', contextInitializerClasses = '[]', activeProfiles = '{}', propertySourceLocations = '{}', propertySourceProperties = '{org.springframework.boot.test.context.SpringBootTestContextBootstrapper=true}', contextCustomizers = set[org.springframework.boot.test.autoconfigure.actuate.metrics.MetricsExportContextCustomizerFactory$DisableMetricExportContextCustomizer@59e43e8c, org.springframework.boot.test.autoconfigure.properties.PropertyMappingContextCustomizer@0, org.springframework.boot.test.autoconfigure.web.servlet.WebDriverContextCustomizerFactory$Customizer@3724b43e, org.springframework.boot.test.context.filter.ExcludeFilterContextCustomizer@58860997, org.springframework.boot.test.json.DuplicateJsonObjectContextCustomizerFactory$DuplicateJsonObjectContextCustomizer@3e15bb06, org.springframework.boot.test.mock.mockito.MockitoContextCustomizer@0, org.springframework.boot.test.web.client.TestRestTemplateContextCustomizer@5c534b5b, org.springframework.boot.test.context.SpringBootTestArgs@1, org.springframework.boot.test.context.SpringBootTestWebEnvironment@2cd2c8fe], resourceBasePath = 'src/main/webapp', contextLoader = 'org.springframework.boot.test.context.SpringBootContextLoader', parent = [null]], attributes = map['org.springframework.test.context.web.ServletTestExecutionListener.activateListener' -> true]], class annotated with @DirtiesContext [false] with mode [null].

  .   ____          _            __ _ _
 /\\ / ___'_ __ _ _(_)_ __  __ _ \ \ \ \
( ( )\___ | '_ | '_| | '_ \/ _` | \ \ \ \
 \\/  ___)| |_)| | | | | || (_| |  ) ) ) )
  '  |____| .__|_| |_|_| |_\__, | / / / /
 =========|_|==============|___/=/_/_/_/
 :: Spring Boot ::               (v2.7.16)

2023-10-17 11:11:42.780  INFO 5352 --- [    Test worker] c.s.d.d.b.r.BoardRepositoryTest          : Starting BoardRepositoryTest using Java 17.0.8 on DESKTOP-1JVI7QI with PID 5352 (started by SSAFY in C:\Users\SSAFY\Desktop\ssafy\dog\BE)
2023-10-17 11:11:42.783  INFO 5352 --- [    Test worker] c.s.d.d.b.r.BoardRepositoryTest          : No active profile set, falling back to 1 default profile: "default"
2023-10-17 11:11:43.893  INFO 5352 --- [    Test worker] .s.d.r.c.RepositoryConfigurationDelegate : Bootstrapping Spring Data JPA repositories in DEFAULT mode.
2023-10-17 11:11:43.952  INFO 5352 --- [    Test worker] .s.d.r.c.RepositoryConfigurationDelegate : Finished Spring Data repository scanning in 51 ms. Found 1 JPA repository interfaces.
2023-10-17 11:11:44.534  INFO 5352 --- [    Test worker] o.hibernate.jpa.internal.util.LogHelper  : HHH000204: Processing PersistenceUnitInfo [name: default]
2023-10-17 11:11:44.606  INFO 5352 --- [    Test worker] org.hibernate.Version                    : HHH000412: Hibernate ORM core version 5.6.15.Final
2023-10-17 11:11:44.817  INFO 5352 --- [    Test worker] o.hibernate.annotations.common.Version   : HCANN000001: Hibernate Commons Annotations {5.1.2.Final}
2023-10-17 11:11:44.964  INFO 5352 --- [    Test worker] com.zaxxer.hikari.HikariDataSource       : HikariPool-1 - Starting...
2023-10-17 11:11:45.345  INFO 5352 --- [    Test worker] com.zaxxer.hikari.HikariDataSource       : HikariPool-1 - Start completed.
2023-10-17 11:11:45.383  INFO 5352 --- [    Test worker] org.hibernate.dialect.Dialect            : HHH000400: Using dialect: org.hibernate.dialect.MySQL8Dialect
2023-10-17 11:11:46.093  INFO 5352 --- [    Test worker] p6spy                                    : 1697508706093|19|statement|connection 0|url jdbc:p6spy:mysql://localhost:3306/ssafy|drop table if exists board|drop table if exists board
2023-10-17 11:11:46.120  INFO 5352 --- [    Test worker] p6spy                                    : 1697508706120|23|statement|connection 0|url jdbc:p6spy:mysql://localhost:3306/ssafy|create table board (id bigint not null auto_increment, created_date datetime(6), modified_date datetime(6), content varchar(255), title varchar(255), view_count bigint, primary key (id)) engine=InnoDB|create table board (id bigint not null auto_increment, created_date datetime(6), modified_date datetime(6), content varchar(255), title varchar(255), view_count bigint, primary key (id)) engine=InnoDB
2023-10-17 11:11:46.121  INFO 5352 --- [    Test worker] o.h.e.t.j.p.i.JtaPlatformInitiator       : HHH000490: Using JtaPlatform implementation: [org.hibernate.engine.transaction.jta.platform.internal.NoJtaPlatform]
2023-10-17 11:11:46.132  INFO 5352 --- [    Test worker] j.LocalContainerEntityManagerFactoryBean : Initialized JPA EntityManagerFactory for persistence unit 'default'
2023-10-17 11:11:46.812  WARN 5352 --- [    Test worker] JpaBaseConfiguration$JpaWebConfiguration : spring.jpa.open-in-view is enabled by default. Therefore, database queries may be performed during view rendering. Explicitly configure spring.jpa.open-in-view to disable this warning
2023-10-17 11:11:48.202  INFO 5352 --- [    Test worker] o.s.b.a.e.web.EndpointLinksResolver      : Exposing 0 endpoint(s) beneath base path '/actuator'
2023-10-17 11:11:48.249  INFO 5352 --- [    Test worker] c.s.d.d.b.r.BoardRepositoryTest          : Started BoardRepositoryTest in 6.181 seconds (JVM running for 8.647)
2023-10-17 11:11:48.515  INFO 5352 --- [    Test worker] p6spy                                    : [statement] | 5 ms | 
    insert       
    into
        board
        (created_date, modified_date, content, title, view_count)       
    values
        ('2023-10-17T11:11:48.466+0900', '2023-10-17T11:11:48.466+0900', 'content', 'title', 0)
2023-10-17 11:11:48.559  INFO 5352 --- [    Test worker] p6spy                                    : [commit] | 19 ms | 
2023-10-17 11:11:48.688  INFO 5352 --- [    Test worker] p6spy                                    : [statement] | 4 ms | 
    select
        board0_.id as id1_0_,
        board0_.created_date as created_2_0_,
        board0_.modified_date as modified3_0_,
        board0_.content as content4_0_,
        board0_.title as title5_0_,
        board0_.view_count as view_cou6_0_       
    from
        board board0_
2023-10-17 11:11:48.699  INFO 5352 --- [    Test worker] p6spy                                    : [commit] | 1 ms | 
>>>>>>>>> createDate=2023-10-17T11:11:48.466514, modifiedDate=2023-10-17T11:11:48.466514
2023-10-17 11:11:48.762  INFO 5352 --- [    Test worker] p6spy                                    : [statement] | 1 ms | 
    select
        board0_.id as id1_0_,
        board0_.created_date as created_2_0_,
        board0_.modified_date as modified3_0_,
        board0_.content as content4_0_,
        board0_.title as title5_0_,
        board0_.view_count as view_cou6_0_       
    from
        board board0_
2023-10-17 11:11:48.777  INFO 5352 --- [    Test worker] p6spy                                    : [statement] | 1 ms | 
    delete       
    from
        board       
    where
        id=1
2023-10-17 11:11:48.785  INFO 5352 --- [    Test worker] p6spy                                    : [commit] | 5 ms | 
]]></system-out>
  <system-err><![CDATA[]]></system-err>
</testsuite>
